2018-02-05 16:33:43 - PHP Notice:  Undefined index: price_for in D:\OSPanel\domains\ocs\admin\controller\catalog\product.php on line 1134
2018-02-05 16:34:13 - PHP Notice:  Undefined index: price_for in D:\OSPanel\domains\ocs\catalog\controller\product\product.php on line 290
2018-02-05 16:34:59 - PHP Notice:  Error: Unknown column 'price_for' in 'field list'<br />Error No: 1054<br />UPDATE oc_product SET model = 'Товар 15', sku = '', upc = '', ean = '', jan = '', isbn = '', mpn = '', location = '', quantity = '990', minimum = '2', subtract = '1', stock_status_id = '5', date_available = '2009-02-04', manufacturer_id = '8', shipping = '1', price = '100', price_for  = '1234', points = '400', weight = '12.5', weight_class_id = '1', length = '1', width = '2', height = '3', length_class_id = '1', status = '1', tax_class_id = '9', sort_order = '0', date_modified = NOW() WHERE product_id = '42' in D:\OSPanel\domains\ocs\system\database\mysqliz.php on line 53
2018-02-05 16:35:31 - PHP Notice:  Undefined index: price_for in D:\OSPanel\domains\ocs\admin\controller\catalog\product.php on line 1134
2018-02-05 16:35:56 - PHP Notice:  Undefined index: price_for in D:\OSPanel\domains\ocs\admin\controller\catalog\product.php on line 1134
2018-02-05 16:48:07 - PHP Notice:  Undefined index: price_for in D:\OSPanel\domains\ocs\catalog\controller\product\product.php on line 290
2018-02-05 16:48:13 - PHP Notice:  Undefined index: price_for in D:\OSPanel\domains\ocs\catalog\controller\product\product.php on line 290
2018-02-05 16:48:13 - PHP Notice:  Undefined variable: price_for in D:\OSPanel\domains\ocs\catalog\controller\product\product.php on line 375
2018-02-05 16:48:13 - PHP Notice:  Undefined variable: price_for in D:\OSPanel\domains\ocs\catalog\controller\product\product.php on line 375
2018-02-05 16:48:13 - PHP Notice:  Undefined variable: price_for in D:\OSPanel\domains\ocs\catalog\controller\product\product.php on line 375
2018-02-05 16:48:13 - PHP Notice:  Undefined variable: price_for in D:\OSPanel\domains\ocs\catalog\controller\product\product.php on line 375
2018-02-05 16:48:13 - PHP Notice:  Undefined variable: price_for in D:\OSPanel\domains\ocs\catalog\controller\product\product.php on line 375
2018-02-05 16:48:13 - PHP Notice:  Undefined variable: price_for in D:\OSPanel\domains\ocs\catalog\controller\product\product.php on line 375
2018-02-05 16:48:13 - PHP Notice:  Undefined variable: price_for in D:\OSPanel\domains\ocs\catalog\controller\product\product.php on line 375
2018-02-05 16:48:13 - PHP Notice:  Undefined variable: price_for in D:\OSPanel\domains\ocs\catalog\controller\product\product.php on line 375
2018-02-05 16:48:13 - PHP Notice:  Undefined variable: price_for in D:\OSPanel\domains\ocs\catalog\controller\product\product.php on line 375
2018-02-05 16:48:13 - PHP Notice:  Undefined variable: price_for in D:\OSPanel\domains\ocs\catalog\controller\product\product.php on line 375
2018-02-05 16:48:13 - PHP Notice:  Undefined variable: price_for in D:\OSPanel\domains\ocs\catalog\controller\product\product.php on line 375
2018-02-05 16:48:15 - PHP Notice:  Undefined index: price_for in D:\OSPanel\domains\ocs\catalog\controller\product\product.php on line 290
2018-02-05 16:48:15 - PHP Notice:  Undefined variable: price_for in D:\OSPanel\domains\ocs\catalog\controller\product\product.php on line 375
2018-02-05 16:48:15 - PHP Notice:  Undefined variable: price_for in D:\OSPanel\domains\ocs\catalog\controller\product\product.php on line 375
2018-02-05 16:48:15 - PHP Notice:  Undefined variable: price_for in D:\OSPanel\domains\ocs\catalog\controller\product\product.php on line 375
2018-02-05 16:48:15 - PHP Notice:  Undefined variable: price_for in D:\OSPanel\domains\ocs\catalog\controller\product\product.php on line 375
2018-02-05 16:48:15 - PHP Notice:  Undefined variable: price_for in D:\OSPanel\domains\ocs\catalog\controller\product\product.php on line 375
2018-02-05 16:48:15 - PHP Notice:  Undefined variable: price_for in D:\OSPanel\domains\ocs\catalog\controller\product\product.php on line 375
2018-02-05 16:48:15 - PHP Notice:  Undefined variable: price_for in D:\OSPanel\domains\ocs\catalog\controller\product\product.php on line 375
2018-02-05 16:48:15 - PHP Notice:  Undefined variable: price_for in D:\OSPanel\domains\ocs\catalog\controller\product\product.php on line 375
2018-02-05 16:48:15 - PHP Notice:  Undefined variable: price_for in D:\OSPanel\domains\ocs\catalog\controller\product\product.php on line 375
2018-02-05 16:48:15 - PHP Notice:  Undefined variable: price_for in D:\OSPanel\domains\ocs\catalog\controller\product\product.php on line 375
2018-02-05 16:48:15 - PHP Notice:  Undefined variable: price_for in D:\OSPanel\domains\ocs\catalog\controller\product\product.php on line 375
2018-02-05 16:49:46 - PHP Notice:  Undefined index: price_for in D:\OSPanel\domains\ocs\catalog\controller\product\product.php on line 290
2018-02-05 17:00:40 - PHP Notice:  Undefined index: price_for in D:\OSPanel\domains\ocs\catalog\controller\product\product.php on line 290
2018-02-05 17:02:41 - PHP Notice:  Undefined index: price_for in D:\OSPanel\domains\ocs\catalog\controller\product\product.php on line 290
2018-02-05 17:03:26 - PHP Notice:  Undefined index: price_for in D:\OSPanel\domains\ocs\catalog\controller\product\product.php on line 290
2018-02-05 17:05:06 - PHP Notice:  Undefined index: price_for in D:\OSPanel\domains\ocs\catalog\controller\product\product.php on line 290
2018-02-05 17:26:51 - PHP Notice:  Undefined index: price_for in D:\OSPanel\domains\ocs\catalog\controller\product\product.php on line 290
2018-02-05 17:27:37 - PHP Notice:  Undefined index: price_for in D:\OSPanel\domains\ocs\catalog\controller\product\product.php on line 290
2018-02-05 17:52:22 - PHP Notice:  Undefined index: product_discount in D:\OSPanel\domains\ocs\catalog\controller\product\product.php on line 290
2018-02-05 17:53:40 - PHP Notice:  Undefined index: price_for in D:\OSPanel\domains\ocs\admin\model\catalog\product.php on line 131
2018-02-05 17:53:40 - PHP Warning:  Cannot modify header information - headers already sent by (output started at D:\OSPanel\domains\ocs\admin\index.php:82) in D:\OSPanel\domains\ocs\system\engine\controller.php on line 28
2018-02-05 17:53:40 - PHP Warning:  Cannot modify header information - headers already sent by (output started at D:\OSPanel\domains\ocs\admin\index.php:82) in D:\OSPanel\domains\ocs\system\engine\controller.php on line 29
2018-02-05 17:56:25 - PHP Notice:  Undefined index: product_discount in D:\OSPanel\domains\ocs\catalog\controller\product\product.php on line 290
2018-02-05 17:56:33 - PHP Notice:  Undefined index: product_discount in D:\OSPanel\domains\ocs\catalog\controller\product\product.php on line 290
2018-02-05 17:57:03 - PHP Warning:  Invalid argument supplied for foreach() in D:\OSPanel\domains\ocs\admin\model\catalog\product.php on line 191
2018-02-05 17:57:03 - PHP Warning:  Cannot modify header information - headers already sent by (output started at D:\OSPanel\domains\ocs\admin\index.php:82) in D:\OSPanel\domains\ocs\system\engine\controller.php on line 28
2018-02-05 17:57:03 - PHP Warning:  Cannot modify header information - headers already sent by (output started at D:\OSPanel\domains\ocs\admin\index.php:82) in D:\OSPanel\domains\ocs\system\engine\controller.php on line 29
2018-02-05 17:59:24 - PHP Warning:  Invalid argument supplied for foreach() in D:\OSPanel\domains\ocs\admin\model\catalog\product.php on line 191
2018-02-05 17:59:24 - PHP Warning:  Cannot modify header information - headers already sent by (output started at D:\OSPanel\domains\ocs\admin\index.php:82) in D:\OSPanel\domains\ocs\system\engine\controller.php on line 28
2018-02-05 17:59:24 - PHP Warning:  Cannot modify header information - headers already sent by (output started at D:\OSPanel\domains\ocs\admin\index.php:82) in D:\OSPanel\domains\ocs\system\engine\controller.php on line 29
2018-02-05 18:01:39 - PHP Warning:  Invalid argument supplied for foreach() in D:\OSPanel\domains\ocs\admin\model\catalog\product.php on line 191
2018-02-05 18:01:39 - PHP Warning:  Cannot modify header information - headers already sent by (output started at D:\OSPanel\domains\ocs\admin\index.php:82) in D:\OSPanel\domains\ocs\system\engine\controller.php on line 28
2018-02-05 18:01:39 - PHP Warning:  Cannot modify header information - headers already sent by (output started at D:\OSPanel\domains\ocs\admin\index.php:82) in D:\OSPanel\domains\ocs\system\engine\controller.php on line 29
2018-02-05 18:02:48 - PHP Notice:  Undefined variable: entry_products_discount in D:\OSPanel\domains\ocs\admin\view\template\catalog\product_form.tpl on line 111
2018-02-05 18:02:48 - PHP Notice:  Undefined variable: products_discount in D:\OSPanel\domains\ocs\admin\view\template\catalog\product_form.tpl on line 112
2018-02-05 18:08:53 - PHP Notice:  Error: Unknown column 'products_discount' in 'field list'<br />Error No: 1054<br />UPDATE oc_product SET model = 'Товар 21', sku = '', upc = '', ean = '', jan = '', isbn = '', mpn = '', location = '', quantity = '1000', minimum = '1', subtract = '0', stock_status_id = '5', date_available = '2009-02-03', manufacturer_id = '7', shipping = '1', price = '200', products_discount  = '123', points = '400', weight = '1', weight_class_id = '1', length = '0', width = '0', height = '0', length_class_id = '1', status = '1', tax_class_id = '9', sort_order = '0', date_modified = NOW() WHERE product_id = '47' in D:\OSPanel\domains\ocs\system\database\mysqliz.php on line 53
2018-02-05 18:13:21 - PHP Notice:  Undefined index: products_discount in D:\OSPanel\domains\ocs\catalog\controller\product\product.php on line 290
2018-02-05 18:13:21 - PHP Notice:  Undefined variable: text_product_discount in D:\OSPanel\domains\ocs\catalog\view\theme\default\template\product\product.tpl on line 43
2018-02-05 18:14:10 - PHP Notice:  Undefined index: products_discount in D:\OSPanel\domains\ocs\catalog\controller\product\product.php on line 290
2018-02-05 18:14:46 - PHP Notice:  Undefined index: products_discount in D:\OSPanel\domains\ocs\catalog\controller\product\product.php on line 290
2018-02-05 18:15:13 - PHP Notice:  Undefined index: products_discount in D:\OSPanel\domains\ocs\catalog\controller\product\product.php on line 290
2018-02-05 18:18:48 - PHP Notice:  Undefined index: products_discount in D:\OSPanel\domains\ocs\catalog\controller\product\product.php on line 290
2018-02-05 18:18:49 - PHP Notice:  Undefined index: products_discount in D:\OSPanel\domains\ocs\catalog\controller\product\product.php on line 290
2018-02-05 18:18:50 - PHP Notice:  Undefined index: products_discount in D:\OSPanel\domains\ocs\catalog\controller\product\product.php on line 290
2018-02-05 18:19:46 - PHP Notice:  Undefined index: products_discount in D:\OSPanel\domains\ocs\catalog\controller\product\product.php on line 290
2018-02-05 18:19:47 - PHP Notice:  Undefined index: products_discount in D:\OSPanel\domains\ocs\catalog\controller\product\product.php on line 290
2018-02-05 18:20:48 - PHP Notice:  Undefined index: products_discount in D:\OSPanel\domains\ocs\catalog\controller\product\product.php on line 290
2018-02-05 18:21:56 - PHP Notice:  Undefined index: products_discount in D:\OSPanel\domains\ocs\catalog\controller\product\product.php on line 290
2018-02-05 18:21:57 - PHP Notice:  Undefined index: products_discount in D:\OSPanel\domains\ocs\catalog\controller\product\product.php on line 290
2018-02-05 18:21:58 - PHP Notice:  Undefined index: products_discount in D:\OSPanel\domains\ocs\catalog\controller\product\product.php on line 290
2018-02-05 18:22:08 - PHP Notice:  Undefined index: products_discount in D:\OSPanel\domains\ocs\catalog\controller\product\product.php on line 290
2018-02-05 18:22:09 - PHP Notice:  Undefined index: products_discount in D:\OSPanel\domains\ocs\catalog\controller\product\product.php on line 290
2018-02-05 18:24:02 - PHP Notice:  Undefined index: products_discount in D:\OSPanel\domains\ocs\catalog\controller\product\product.php on line 290
2018-02-05 18:24:03 - PHP Notice:  Undefined index: products_discount in D:\OSPanel\domains\ocs\catalog\controller\product\product.php on line 290
2018-02-05 18:24:49 - PHP Notice:  Undefined index: products_discount in D:\OSPanel\domains\ocs\catalog\controller\product\product.php on line 290
2018-02-05 18:25:08 - PHP Notice:  Undefined index: products_discount in D:\OSPanel\domains\ocs\catalog\controller\product\product.php on line 290
2018-02-05 18:25:09 - PHP Notice:  Undefined index: products_discount in D:\OSPanel\domains\ocs\catalog\controller\product\product.php on line 290
2018-02-05 18:25:56 - PHP Notice:  Undefined index: products_discount in D:\OSPanel\domains\ocs\catalog\controller\product\product.php on line 290
2018-02-05 18:26:43 - PHP Notice:  Undefined index: products_discount in D:\OSPanel\domains\ocs\catalog\controller\product\product.php on line 290
2018-02-05 18:26:58 - PHP Notice:  Undefined index: products_discount in D:\OSPanel\domains\ocs\catalog\controller\product\product.php on line 290
2018-02-05 18:27:00 - PHP Notice:  Undefined index: products_discount in D:\OSPanel\domains\ocs\catalog\controller\product\product.php on line 290
2018-02-05 18:28:04 - PHP Notice:  Undefined index: products_discount in D:\OSPanel\domains\ocs\catalog\controller\product\product.php on line 290
2018-02-05 18:28:05 - PHP Notice:  Undefined index: products_discount in D:\OSPanel\domains\ocs\catalog\controller\product\product.php on line 290
2018-02-05 18:28:07 - PHP Notice:  Undefined index: products_discount in D:\OSPanel\domains\ocs\catalog\controller\product\product.php on line 290
2018-02-05 18:32:03 - PHP Notice:  Use of undefined constant console - assumed 'console' in D:\OSPanel\domains\ocs\catalog\controller\product\product.php on line 251
2018-02-05 18:32:03 - PHP Warning:  log() expects parameter 1 to be double, string given in D:\OSPanel\domains\ocs\catalog\controller\product\product.php on line 251
2018-02-05 18:32:03 - PHP Notice:  Undefined index: products_discount in D:\OSPanel\domains\ocs\catalog\controller\product\product.php on line 290
2018-02-05 18:32:13 - PHP Notice:  Use of undefined constant console - assumed 'console' in D:\OSPanel\domains\ocs\catalog\controller\product\product.php on line 251
2018-02-05 18:32:13 - PHP Warning:  log() expects parameter 1 to be double, string given in D:\OSPanel\domains\ocs\catalog\controller\product\product.php on line 251
2018-02-05 18:32:13 - PHP Notice:  Undefined index: products_discount in D:\OSPanel\domains\ocs\catalog\controller\product\product.php on line 290
2018-02-05 18:32:30 - PHP Notice:  Undefined index: products_discount in D:\OSPanel\domains\ocs\catalog\controller\product\product.php on line 290
2018-02-05 18:32:49 - PHP Notice:  Undefined index: products_discount in D:\OSPanel\domains\ocs\catalog\controller\product\product.php on line 290
2018-02-05 18:33:16 - PHP Notice:  Undefined index: products_discount in D:\OSPanel\domains\ocs\catalog\controller\product\product.php on line 290
2018-02-05 18:34:20 - PHP Notice:  Undefined index: products_discount in D:\OSPanel\domains\ocs\catalog\controller\product\product.php on line 290
2018-02-05 18:34:21 - PHP Notice:  Undefined index: products_discount in D:\OSPanel\domains\ocs\catalog\controller\product\product.php on line 290
2018-02-05 18:34:22 - PHP Notice:  Undefined index: products_discount in D:\OSPanel\domains\ocs\catalog\controller\product\product.php on line 290
2018-02-05 18:34:23 - PHP Notice:  Undefined index: products_discount in D:\OSPanel\domains\ocs\catalog\controller\product\product.php on line 290
2018-02-05 18:34:29 - PHP Notice:  Undefined index: products_discount in D:\OSPanel\domains\ocs\catalog\controller\product\product.php on line 290
2018-02-05 18:34:35 - PHP Notice:  Undefined index: products_discount in D:\OSPanel\domains\ocs\catalog\controller\product\product.php on line 290
2018-02-05 18:34:36 - PHP Notice:  Undefined index: products_discount in D:\OSPanel\domains\ocs\catalog\controller\product\product.php on line 290
2018-02-05 18:34:37 - PHP Notice:  Undefined index: products_discount in D:\OSPanel\domains\ocs\catalog\controller\product\product.php on line 290
2018-02-05 18:36:52 - PHP Notice:  Undefined index: products_discount in D:\OSPanel\domains\ocs\catalog\controller\product\product.php on line 290
2018-02-05 18:36:52 - PHP Notice:  Undefined variable: products_discount in D:\OSPanel\domains\ocs\catalog\view\theme\default\template\product\product.tpl on line 44
2018-02-05 18:37:00 - PHP Notice:  Undefined index: productsy_discount in D:\OSPanel\domains\ocs\catalog\controller\product\product.php on line 290
2018-02-05 18:37:01 - PHP Notice:  Undefined index: productsy_discount in D:\OSPanel\domains\ocs\catalog\controller\product\product.php on line 290
2018-02-05 19:06:33 - PHP Notice:  Undefined index: products_discount in D:\OSPanel\domains\ocs\catalog\controller\product\product.php on line 290
2018-02-05 19:08:30 - PHP Notice:  Undefined index: products_discount in D:\OSPanel\domains\ocs\catalog\controller\product\product.php on line 290
2018-02-05 19:08:31 - PHP Notice:  Undefined index: products_discount in D:\OSPanel\domains\ocs\catalog\controller\product\product.php on line 290
2018-02-05 19:08:43 - PHP Notice:  Undefined index: products_discount in D:\OSPanel\domains\ocs\catalog\controller\product\product.php on line 290
2018-02-05 19:08:44 - PHP Notice:  Undefined index: products_discount in D:\OSPanel\domains\ocs\catalog\controller\product\product.php on line 290
2018-02-05 19:09:07 - PHP Notice:  Undefined index: products_discount in D:\OSPanel\domains\ocs\catalog\controller\product\product.php on line 290
2018-02-05 19:09:08 - PHP Notice:  Undefined variable: product_discount in D:\OSPanel\domains\ocs\catalog\view\theme\default\template\product\product.tpl on line 44
2018-02-05 19:09:17 - PHP Notice:  Undefined index: products_discount in D:\OSPanel\domains\ocs\catalog\controller\product\product.php on line 290
2018-02-05 19:09:18 - PHP Notice:  Undefined index: products_discount in D:\OSPanel\domains\ocs\catalog\controller\product\product.php on line 290
2018-02-05 19:09:24 - PHP Notice:  Undefined index: products_discount in D:\OSPanel\domains\ocs\catalog\controller\product\product.php on line 290
2018-02-05 19:09:25 - PHP Notice:  Undefined index: products_discount in D:\OSPanel\domains\ocs\catalog\controller\product\product.php on line 290
2018-02-05 19:09:31 - PHP Notice:  Undefined index: products_discount in D:\OSPanel\domains\ocs\catalog\controller\product\product.php on line 290
2018-02-05 19:09:35 - PHP Notice:  Undefined index: products_discount in D:\OSPanel\domains\ocs\catalog\controller\product\product.php on line 290
2018-02-05 19:09:44 - PHP Notice:  Undefined index: products_discount in D:\OSPanel\domains\ocs\catalog\controller\product\product.php on line 290
2018-02-05 19:09:44 - PHP Notice:  Undefined index: products_discount in D:\OSPanel\domains\ocs\catalog\controller\product\product.php on line 290
2018-02-05 19:12:57 - PHP Notice:  Undefined index: products_discount in D:\OSPanel\domains\ocs\catalog\controller\product\product.php on line 290
2018-02-05 19:13:31 - PHP Notice:  Undefined index: products_discount in D:\OSPanel\domains\ocs\catalog\controller\product\product.php on line 290
2018-02-05 19:13:32 - PHP Notice:  Undefined index: products_discount in D:\OSPanel\domains\ocs\catalog\controller\product\product.php on line 290
2018-02-05 19:13:32 - PHP Notice:  Undefined index: products_discount in D:\OSPanel\domains\ocs\catalog\controller\product\product.php on line 290
2018-02-05 19:13:35 - PHP Notice:  Undefined index: products_discount in D:\OSPanel\domains\ocs\catalog\controller\product\product.php on line 290
2018-02-05 19:13:36 - PHP Notice:  Undefined index: products_discount in D:\OSPanel\domains\ocs\catalog\controller\product\product.php on line 290
2018-02-05 19:13:36 - PHP Notice:  Undefined index: products_discount in D:\OSPanel\domains\ocs\catalog\controller\product\product.php on line 290
2018-02-05 19:13:36 - PHP Notice:  Undefined index: products_discount in D:\OSPanel\domains\ocs\catalog\controller\product\product.php on line 290
2018-02-05 19:13:36 - PHP Notice:  Undefined index: products_discount in D:\OSPanel\domains\ocs\catalog\controller\product\product.php on line 290
2018-02-05 19:13:36 - PHP Notice:  Undefined index: products_discount in D:\OSPanel\domains\ocs\catalog\controller\product\product.php on line 290
2018-02-05 19:13:37 - PHP Notice:  Undefined index: products_discount in D:\OSPanel\domains\ocs\catalog\controller\product\product.php on line 290
2018-02-05 19:13:38 - PHP Notice:  Undefined index: products_discount in D:\OSPanel\domains\ocs\catalog\controller\product\product.php on line 290
2018-02-05 19:13:39 - PHP Notice:  Undefined index: products_discount in D:\OSPanel\domains\ocs\catalog\controller\product\product.php on line 290
2018-02-05 19:13:51 - PHP Notice:  Undefined index: products_discount in D:\OSPanel\domains\ocs\catalog\controller\product\product.php on line 290
2018-02-05 19:13:52 - PHP Notice:  Undefined index: products_discount in D:\OSPanel\domains\ocs\catalog\controller\product\product.php on line 290
2018-02-05 19:13:53 - PHP Notice:  Undefined index: products_discount in D:\OSPanel\domains\ocs\catalog\controller\product\product.php on line 290
2018-02-05 19:14:51 - PHP Notice:  Undefined index: products_discount in D:\OSPanel\domains\ocs\catalog\controller\product\product.php on line 290
2018-02-05 19:17:25 - PHP Notice:  Undefined index: products_discount in D:\OSPanel\domains\ocs\catalog\controller\product\product.php on line 290
2018-02-05 19:18:02 - PHP Notice:  Undefined index: products_discount in D:\OSPanel\domains\ocs\catalog\controller\product\product.php on line 290
2018-02-05 19:22:50 - PHP Notice:  Undefined index: products_discount in D:\OSPanel\domains\ocs\catalog\controller\product\product.php on line 290
2018-02-05 19:22:51 - PHP Notice:  Undefined index: products_discount in D:\OSPanel\domains\ocs\catalog\controller\product\product.php on line 290
2018-02-05 19:25:15 - PHP Notice:  Undefined index: products_discount in D:\OSPanel\domains\ocs\catalog\controller\product\product.php on line 289
2018-02-05 19:37:03 - PHP Notice:  Undefined index: product_discount in D:\OSPanel\domains\ocs\admin\controller\catalog\product.php on line 1134
2018-02-05 19:37:03 - PHP Notice:  Undefined variable: entry_price in D:\OSPanel\domains\ocs\admin\view\template\catalog\product_form.tpl on line 107
2018-02-05 19:37:03 - PHP Notice:  Undefined variable: entry_price in D:\OSPanel\domains\ocs\admin\view\template\catalog\product_form.tpl on line 574
2018-02-05 19:37:03 - PHP Notice:  Undefined variable: entry_price in D:\OSPanel\domains\ocs\admin\view\template\catalog\product_form.tpl on line 617
2018-02-05 19:37:03 - PHP Notice:  Undefined variable: entry_price in D:\OSPanel\domains\ocs\admin\view\template\catalog\product_form.tpl on line 1053
2018-02-05 19:37:10 - PHP Notice:  Undefined index: product_discount in D:\OSPanel\domains\ocs\admin\controller\catalog\product.php on line 1134
2018-02-05 19:37:10 - PHP Notice:  Undefined variable: entry_price in D:\OSPanel\domains\ocs\admin\view\template\catalog\product_form.tpl on line 107
2018-02-05 19:37:10 - PHP Notice:  Undefined variable: entry_price in D:\OSPanel\domains\ocs\admin\view\template\catalog\product_form.tpl on line 473
2018-02-05 19:37:10 - PHP Notice:  Undefined variable: entry_price in D:\OSPanel\domains\ocs\admin\view\template\catalog\product_form.tpl on line 574
2018-02-05 19:37:10 - PHP Notice:  Undefined variable: entry_price in D:\OSPanel\domains\ocs\admin\view\template\catalog\product_form.tpl on line 617
2018-02-05 19:37:10 - PHP Notice:  Undefined variable: entry_price in D:\OSPanel\domains\ocs\admin\view\template\catalog\product_form.tpl on line 1053
2018-02-05 19:39:58 - PHP Notice:  Undefined index: products_discount in D:\OSPanel\domains\ocs\catalog\controller\product\product.php on line 289
2018-02-05 19:40:00 - PHP Notice:  Undefined index: products_discount in D:\OSPanel\domains\ocs\catalog\controller\product\product.php on line 289
2018-02-05 23:34:36 - PHP Notice:  Undefined index: products_discount in D:\OSPanel\domains\ocs\catalog\controller\product\product.php on line 289
2018-02-05 23:34:42 - PHP Notice:  Undefined index: products_discount in D:\OSPanel\domains\ocs\catalog\controller\product\product.php on line 289
2018-02-05 23:36:40 - PHP Notice:  Undefined index: products_discount in D:\OSPanel\domains\ocs\catalog\controller\product\product.php on line 289
2018-02-05 23:37:29 - PHP Notice:  Undefined index: products_discount in D:\OSPanel\domains\ocs\catalog\controller\product\product.php on line 289
2018-02-05 23:37:30 - PHP Notice:  Undefined index: products_discount in D:\OSPanel\domains\ocs\catalog\controller\product\product.php on line 289
2018-02-05 23:39:44 - PHP Notice:  Undefined index: products_discount in D:\OSPanel\domains\ocs\catalog\controller\product\product.php on line 289
2018-02-06 10:12:19 - PHP Notice:  Undefined index: products_discount in D:\OSPanel\domains\ocs\catalog\controller\product\product.php on line 289
2018-02-06 10:24:39 - PHP Notice:  Undefined index: products_discount in D:\OSPanel\domains\ocs\catalog\controller\product\product.php on line 289
2018-02-06 10:24:40 - PHP Notice:  Undefined index: products_discount in D:\OSPanel\domains\ocs\catalog\controller\product\product.php on line 289
2018-02-06 10:24:41 - PHP Notice:  Undefined index: products_discount in D:\OSPanel\domains\ocs\catalog\controller\product\product.php on line 289
2018-02-06 10:24:42 - PHP Notice:  Undefined index: products_discount in D:\OSPanel\domains\ocs\catalog\controller\product\product.php on line 289
2018-02-06 10:29:50 - PHP Notice:  Undefined index: products_discount in D:\OSPanel\domains\ocs\catalog\controller\product\product.php on line 342
2018-02-06 10:29:50 - PHP Notice:  Undefined variable: products_discount in D:\OSPanel\domains\ocs\catalog\view\theme\default\template\product\product.tpl on line 44
2018-02-06 10:31:09 - PHP Notice:  Undefined variable: products_discount in D:\OSPanel\domains\ocs\catalog\view\theme\default\template\product\product.tpl on line 44
2018-02-06 10:39:19 - PHP Notice:  Undefined variable: products_discount in D:\OSPanel\domains\ocs\catalog\view\theme\default\template\product\product.tpl on line 44
2018-02-06 10:43:49 - PHP Notice:  Undefined variable: products_discount in D:\OSPanel\domains\ocs\catalog\view\theme\default\template\product\product.tpl on line 44
2018-02-06 10:44:14 - PHP Notice:  Undefined variable: products_discount in D:\OSPanel\domains\ocs\catalog\view\theme\default\template\product\product.tpl on line 44
2018-02-06 10:45:08 - PHP Notice:  Undefined variable: text_ean in D:\OSPanel\domains\ocs\catalog\view\theme\default\template\product\product.tpl on line 43
2018-02-06 10:45:09 - PHP Notice:  Undefined variable: ean in D:\OSPanel\domains\ocs\catalog\view\theme\default\template\product\product.tpl on line 44
2018-02-06 10:45:45 - PHP Notice:  Undefined variable: text_ean in D:\OSPanel\domains\ocs\catalog\view\theme\default\template\product\product.tpl on line 43
2018-02-06 10:45:45 - PHP Notice:  Undefined variable: ean in D:\OSPanel\domains\ocs\catalog\view\theme\default\template\product\product.tpl on line 44
2018-02-06 10:51:05 - PHP Notice:  Undefined variable: text_ean in D:\OSPanel\domains\ocs\catalog\view\theme\default\template\product\product.tpl on line 43
2018-02-06 10:51:05 - PHP Notice:  Undefined variable: ean in D:\OSPanel\domains\ocs\catalog\view\theme\default\template\product\product.tpl on line 44
2018-02-06 10:51:06 - PHP Notice:  Undefined variable: text_ean in D:\OSPanel\domains\ocs\catalog\view\theme\default\template\product\product.tpl on line 43
2018-02-06 10:51:06 - PHP Notice:  Undefined variable: ean in D:\OSPanel\domains\ocs\catalog\view\theme\default\template\product\product.tpl on line 44
2018-02-06 10:53:36 - PHP Notice:  Undefined variable: products_discount in D:\OSPanel\domains\ocs\catalog\controller\product\product.php on line 445
2018-02-06 10:53:36 - PHP Notice:  Undefined variable: products_discount in D:\OSPanel\domains\ocs\catalog\controller\product\product.php on line 445
2018-02-06 10:53:36 - PHP Notice:  Undefined variable: text_ean in D:\OSPanel\domains\ocs\catalog\view\theme\default\template\product\product.tpl on line 43
2018-02-06 10:53:36 - PHP Notice:  Undefined variable: ean in D:\OSPanel\domains\ocs\catalog\view\theme\default\template\product\product.tpl on line 44
2018-02-06 10:54:28 - PHP Notice:  Undefined variable: products_discount in D:\OSPanel\domains\ocs\catalog\controller\product\product.php on line 445
2018-02-06 10:54:28 - PHP Notice:  Undefined variable: products_discount in D:\OSPanel\domains\ocs\catalog\controller\product\product.php on line 445
2018-02-06 10:54:28 - PHP Notice:  Undefined variable: text_ean in D:\OSPanel\domains\ocs\catalog\view\theme\default\template\product\product.tpl on line 43
2018-02-06 10:54:28 - PHP Notice:  Undefined variable: ean in D:\OSPanel\domains\ocs\catalog\view\theme\default\template\product\product.tpl on line 44
2018-02-06 10:54:29 - PHP Notice:  Undefined variable: products_discount in D:\OSPanel\domains\ocs\catalog\controller\product\product.php on line 445
2018-02-06 10:54:29 - PHP Notice:  Undefined variable: products_discount in D:\OSPanel\domains\ocs\catalog\controller\product\product.php on line 445
2018-02-06 10:54:29 - PHP Notice:  Undefined variable: text_ean in D:\OSPanel\domains\ocs\catalog\view\theme\default\template\product\product.tpl on line 43
2018-02-06 10:54:29 - PHP Notice:  Undefined variable: ean in D:\OSPanel\domains\ocs\catalog\view\theme\default\template\product\product.tpl on line 44
2018-02-06 10:55:19 - PHP Notice:  Undefined variable: products_discount in D:\OSPanel\domains\ocs\catalog\controller\product\product.php on line 445
2018-02-06 10:55:19 - PHP Notice:  Undefined variable: products_discount in D:\OSPanel\domains\ocs\catalog\controller\product\product.php on line 445
2018-02-06 10:55:20 - PHP Notice:  Undefined variable: text_ean in D:\OSPanel\domains\ocs\catalog\view\theme\default\template\product\product.tpl on line 43
2018-02-06 10:55:20 - PHP Notice:  Undefined variable: ean in D:\OSPanel\domains\ocs\catalog\view\theme\default\template\product\product.tpl on line 44
2018-02-06 10:55:30 - PHP Notice:  Undefined variable: products_discount in D:\OSPanel\domains\ocs\catalog\controller\product\product.php on line 445
2018-02-06 10:55:30 - PHP Notice:  Undefined variable: products_discount in D:\OSPanel\domains\ocs\catalog\controller\product\product.php on line 445
2018-02-06 13:02:21 - PHP Notice:  Undefined variable: popu in D:\OSPanel\domains\ocs\catalog\view\theme\default\template\product\product.tpl on line 12
2018-02-06 13:02:42 - PHP Notice:  Undefined variable: thum in D:\OSPanel\domains\ocs\catalog\view\theme\default\template\product\product.tpl on line 12
2018-02-06 17:17:06 - PHP Notice:  Undefined variable: discounts_product in D:\OSPanel\domains\ocs\catalog\view\theme\default\template\product\product.tpl on line 14
2018-02-06 17:17:17 - PHP Notice:  Undefined variable: discount in D:\OSPanel\domains\ocs\catalog\view\theme\default\template\product\product.tpl on line 14
2018-02-06 17:18:12 - PHP Notice:  Undefined variable: discount in D:\OSPanel\domains\ocs\catalog\view\theme\default\template\product\product.tpl on line 14
2018-02-06 17:22:53 - PHP Notice:  Array to string conversion in D:\OSPanel\domains\ocs\catalog\view\theme\default\template\product\product.tpl on line 14
2018-02-06 17:23:00 - PHP Notice:  Undefined index: all in D:\OSPanel\domains\ocs\catalog\view\theme\default\template\product\product.tpl on line 14
2018-02-06 17:52:24 - PHP Notice:  Undefined variable: file in D:\OSPanel\domains\ocs\catalog\view\theme\default\template\product\product.tpl on line 14
2018-02-06 17:52:24 - PHP Notice:  Undefined variable: file in D:\OSPanel\domains\ocs\catalog\view\theme\default\template\product\product.tpl on line 14
2018-02-06 17:52:24 - PHP Notice:  Undefined variable: file in D:\OSPanel\domains\ocs\catalog\view\theme\default\template\product\product.tpl on line 14
2018-02-06 17:52:25 - PHP Notice:  Undefined variable: file in D:\OSPanel\domains\ocs\catalog\view\theme\default\template\product\product.tpl on line 14
2018-02-06 17:52:25 - PHP Notice:  Undefined variable: file in D:\OSPanel\domains\ocs\catalog\view\theme\default\template\product\product.tpl on line 14
2018-02-06 17:52:25 - PHP Notice:  Undefined variable: file in D:\OSPanel\domains\ocs\catalog\view\theme\default\template\product\product.tpl on line 14
2018-02-06 17:52:26 - PHP Notice:  Undefined variable: file in D:\OSPanel\domains\ocs\catalog\view\theme\default\template\product\product.tpl on line 14
2018-02-06 17:52:26 - PHP Notice:  Undefined variable: file in D:\OSPanel\domains\ocs\catalog\view\theme\default\template\product\product.tpl on line 14
2018-02-06 17:52:26 - PHP Notice:  Undefined variable: file in D:\OSPanel\domains\ocs\catalog\view\theme\default\template\product\product.tpl on line 14
2018-02-06 17:52:27 - PHP Notice:  Undefined variable: file in D:\OSPanel\domains\ocs\catalog\view\theme\default\template\product\product.tpl on line 14
2018-02-06 17:52:27 - PHP Notice:  Undefined variable: file in D:\OSPanel\domains\ocs\catalog\view\theme\default\template\product\product.tpl on line 14
2018-02-06 17:52:27 - PHP Notice:  Undefined variable: file in D:\OSPanel\domains\ocs\catalog\view\theme\default\template\product\product.tpl on line 14
2018-02-06 18:02:19 - PHP Notice:  Undefined variable: file in D:\OSPanel\domains\ocs\catalog\view\theme\default\template\product\product.tpl on line 14
2018-02-06 18:02:19 - PHP Notice:  Undefined variable: file in D:\OSPanel\domains\ocs\catalog\view\theme\default\template\product\product.tpl on line 14
2018-02-06 18:02:19 - PHP Notice:  Undefined variable: file in D:\OSPanel\domains\ocs\catalog\view\theme\default\template\product\product.tpl on line 14
2018-02-06 18:02:20 - PHP Notice:  Undefined variable: file in D:\OSPanel\domains\ocs\catalog\view\theme\default\template\product\product.tpl on line 14
2018-02-06 18:02:20 - PHP Notice:  Undefined variable: file in D:\OSPanel\domains\ocs\catalog\view\theme\default\template\product\product.tpl on line 14
2018-02-06 18:02:20 - PHP Notice:  Undefined variable: file in D:\OSPanel\domains\ocs\catalog\view\theme\default\template\product\product.tpl on line 14
2018-02-06 18:02:21 - PHP Notice:  Undefined variable: file in D:\OSPanel\domains\ocs\catalog\view\theme\default\template\product\product.tpl on line 14
2018-02-06 18:02:21 - PHP Notice:  Undefined variable: file in D:\OSPanel\domains\ocs\catalog\view\theme\default\template\product\product.tpl on line 14
2018-02-06 18:02:21 - PHP Notice:  Undefined variable: file in D:\OSPanel\domains\ocs\catalog\view\theme\default\template\product\product.tpl on line 14
2018-02-06 18:11:32 - PHP Notice:  Undefined variable: file in D:\OSPanel\domains\ocs\catalog\view\theme\default\template\product\product.tpl on line 14
2018-02-06 18:11:32 - PHP Notice:  Undefined variable: file in D:\OSPanel\domains\ocs\catalog\view\theme\default\template\product\product.tpl on line 14
2018-02-06 18:11:32 - PHP Notice:  Undefined variable: file in D:\OSPanel\domains\ocs\catalog\view\theme\default\template\product\product.tpl on line 14
2018-02-06 18:11:33 - PHP Notice:  Undefined variable: file in D:\OSPanel\domains\ocs\catalog\view\theme\default\template\product\product.tpl on line 14
2018-02-06 18:11:33 - PHP Notice:  Undefined variable: file in D:\OSPanel\domains\ocs\catalog\view\theme\default\template\product\product.tpl on line 14
2018-02-06 18:11:33 - PHP Notice:  Undefined variable: file in D:\OSPanel\domains\ocs\catalog\view\theme\default\template\product\product.tpl on line 14
2018-02-06 18:11:34 - PHP Notice:  Undefined variable: file in D:\OSPanel\domains\ocs\catalog\view\theme\default\template\product\product.tpl on line 14
2018-02-06 18:11:34 - PHP Notice:  Undefined variable: file in D:\OSPanel\domains\ocs\catalog\view\theme\default\template\product\product.tpl on line 14
2018-02-06 18:11:34 - PHP Notice:  Undefined variable: file in D:\OSPanel\domains\ocs\catalog\view\theme\default\template\product\product.tpl on line 14
2018-02-06 18:14:49 - PHP Notice:  Undefined variable: file in D:\OSPanel\domains\ocs\catalog\view\theme\default\template\product\product.tpl on line 14
2018-02-06 18:14:49 - PHP Notice:  Undefined variable: file in D:\OSPanel\domains\ocs\catalog\view\theme\default\template\product\product.tpl on line 14
2018-02-06 18:14:49 - PHP Notice:  Undefined variable: file in D:\OSPanel\domains\ocs\catalog\view\theme\default\template\product\product.tpl on line 14
2018-02-06 18:17:27 - PHP Notice:  Undefined variable: file in D:\OSPanel\domains\ocs\catalog\view\theme\default\template\product\product.tpl on line 14
2018-02-06 18:17:27 - PHP Notice:  Undefined variable: file in D:\OSPanel\domains\ocs\catalog\view\theme\default\template\product\product.tpl on line 14
2018-02-06 18:17:27 - PHP Notice:  Undefined variable: file in D:\OSPanel\domains\ocs\catalog\view\theme\default\template\product\product.tpl on line 14
2018-02-06 18:44:53 - PHP Notice:  Undefined variable: entry_imageSales in D:\OSPanel\domains\ocs\admin\view\template\catalog\product_form.tpl on line 115
2018-02-06 18:47:28 - PHP Notice:  Undefined variable: entry_imageSales in D:\OSPanel\domains\ocs\admin\view\template\catalog\product_form.tpl on line 115
2018-02-06 18:47:35 - PHP Notice:  Undefined index: imageSales in D:\OSPanel\domains\ocs\admin\model\catalog\product.php on line 131
2018-02-06 18:47:35 - PHP Warning:  Cannot modify header information - headers already sent by (output started at D:\OSPanel\domains\ocs\admin\index.php:82) in D:\OSPanel\domains\ocs\system\engine\controller.php on line 28
2018-02-06 18:47:35 - PHP Warning:  Cannot modify header information - headers already sent by (output started at D:\OSPanel\domains\ocs\admin\index.php:82) in D:\OSPanel\domains\ocs\system\engine\controller.php on line 29
2018-02-06 18:50:17 - PHP Notice:  Undefined index: imageSales in D:\OSPanel\domains\ocs\admin\model\catalog\product.php on line 131
2018-02-06 18:50:17 - PHP Warning:  Cannot modify header information - headers already sent by (output started at D:\OSPanel\domains\ocs\admin\index.php:82) in D:\OSPanel\domains\ocs\system\engine\controller.php on line 28
2018-02-06 18:50:17 - PHP Warning:  Cannot modify header information - headers already sent by (output started at D:\OSPanel\domains\ocs\admin\index.php:82) in D:\OSPanel\domains\ocs\system\engine\controller.php on line 29
2018-02-06 18:53:40 - PHP Notice:  Undefined variable: file in D:\OSPanel\domains\ocs\catalog\view\theme\default\template\product\product.tpl on line 14
2018-02-06 18:53:40 - PHP Notice:  Undefined variable: file in D:\OSPanel\domains\ocs\catalog\view\theme\default\template\product\product.tpl on line 14
2018-02-06 18:53:40 - PHP Notice:  Undefined variable: file in D:\OSPanel\domains\ocs\catalog\view\theme\default\template\product\product.tpl on line 14
2018-02-06 18:53:50 - PHP Notice:  Undefined variable: file in D:\OSPanel\domains\ocs\catalog\view\theme\default\template\product\product.tpl on line 14
2018-02-06 18:53:50 - PHP Notice:  Undefined variable: file in D:\OSPanel\domains\ocs\catalog\view\theme\default\template\product\product.tpl on line 14
2018-02-06 18:53:50 - PHP Notice:  Undefined variable: file in D:\OSPanel\domains\ocs\catalog\view\theme\default\template\product\product.tpl on line 14
2018-02-06 18:54:02 - PHP Notice:  Undefined index: imageSales in D:\OSPanel\domains\ocs\admin\model\catalog\product.php on line 131
2018-02-06 18:54:02 - PHP Warning:  Cannot modify header information - headers already sent by (output started at D:\OSPanel\domains\ocs\admin\index.php:82) in D:\OSPanel\domains\ocs\system\engine\controller.php on line 28
2018-02-06 18:54:02 - PHP Warning:  Cannot modify header information - headers already sent by (output started at D:\OSPanel\domains\ocs\admin\index.php:82) in D:\OSPanel\domains\ocs\system\engine\controller.php on line 29
2018-02-06 18:56:34 - PHP Notice:  Undefined index: imageSales in D:\OSPanel\domains\ocs\admin\model\catalog\product.php on line 131
2018-02-06 18:56:34 - PHP Warning:  Cannot modify header information - headers already sent by (output started at D:\OSPanel\domains\ocs\admin\index.php:82) in D:\OSPanel\domains\ocs\system\engine\controller.php on line 28
2018-02-06 18:56:34 - PHP Warning:  Cannot modify header information - headers already sent by (output started at D:\OSPanel\domains\ocs\admin\index.php:82) in D:\OSPanel\domains\ocs\system\engine\controller.php on line 29
2018-02-06 19:05:32 - PHP Notice:  Undefined index: imageSales in D:\OSPanel\domains\ocs\admin\model\catalog\product.php on line 131
2018-02-06 19:05:32 - PHP Warning:  Cannot modify header information - headers already sent by (output started at D:\OSPanel\domains\ocs\admin\index.php:82) in D:\OSPanel\domains\ocs\system\engine\controller.php on line 28
2018-02-06 19:05:32 - PHP Warning:  Cannot modify header information - headers already sent by (output started at D:\OSPanel\domains\ocs\admin\index.php:82) in D:\OSPanel\domains\ocs\system\engine\controller.php on line 29
2018-02-06 19:10:42 - PHP Notice:  Undefined index: imageSales in D:\OSPanel\domains\ocs\admin\model\catalog\product.php on line 131
2018-02-06 19:10:42 - PHP Warning:  Cannot modify header information - headers already sent by (output started at D:\OSPanel\domains\ocs\admin\index.php:82) in D:\OSPanel\domains\ocs\system\engine\controller.php on line 28
2018-02-06 19:10:42 - PHP Warning:  Cannot modify header information - headers already sent by (output started at D:\OSPanel\domains\ocs\admin\index.php:82) in D:\OSPanel\domains\ocs\system\engine\controller.php on line 29
2018-02-06 19:13:42 - PHP Notice:  Undefined index: imageSales in D:\OSPanel\domains\ocs\admin\model\catalog\product.php on line 131
2018-02-06 19:13:42 - PHP Warning:  Cannot modify header information - headers already sent by (output started at D:\OSPanel\domains\ocs\admin\index.php:82) in D:\OSPanel\domains\ocs\system\engine\controller.php on line 28
2018-02-06 19:13:42 - PHP Warning:  Cannot modify header information - headers already sent by (output started at D:\OSPanel\domains\ocs\admin\index.php:82) in D:\OSPanel\domains\ocs\system\engine\controller.php on line 29
